<?xml version="1.0" encoding="UTF-8"?>
<testng-results ignored="0" total="1" passed="1" failed="0" skipped="0">
  <reporter-output>
  </reporter-output>
  <suite started-at="2023-01-10T22:37:21 IST" name="Default suite" finished-at="2023-01-10T22:37:34 IST" duration-ms="12604">
    <groups>
    </groups>
    <test started-at="2023-01-10T22:37:21 IST" name="Default test" finished-at="2023-01-10T22:37:34 IST" duration-ms="12604">
      <class name="PageObjectDesignFramework.EndToEndFramework.ErrorValidationTest">
        <test-method is-config="true" signature="launchApplication()[pri:0, instance:PageObjectDesignFramework.EndToEndFramework.ErrorValidationTest@1ed4ae0f]" started-at="2023-01-10T22:37:22 IST" name="launchApplication" finished-at="2023-01-10T22:37:33 IST" duration-ms="11135" status="PASS">
          <reporter-output>
          </reporter-output>
        </test-method> <!-- launchApplication -->
        <test-method signature="submitOrder()[pri:0, instance:PageObjectDesignFramework.EndToEndFramework.ErrorValidationTest@1ed4ae0f]" started-at="2023-01-10T22:37:33 IST" name="submitOrder" finished-at="2023-01-10T22:37:34 IST" duration-ms="958" status="PASS">
          <reporter-output>
          </reporter-output>
        </test-method> <!-- submitOrder -->
        <test-method is-config="true" signature="tearDown()[pri:0, instance:PageObjectDesignFramework.EndToEndFramework.ErrorValidationTest@1ed4ae0f]" started-at="2023-01-10T22:37:34 IST" name="tearDown" finished-at="2023-01-10T22:37:34 IST" duration-ms="370" status="PASS">
          <reporter-output>
          </reporter-output>
        </test-method> <!-- tearDown -->
      </class> <!-- PageObjectDesignFramework.EndToEndFramework.ErrorValidationTest -->
    </test> <!-- Default test -->
  </suite> <!-- Default suite -->
</testng-results>
